2026-05-09T02:29:04.111-04:00  INFO 35016 --- [seguridadcalidad] [main] c.d.s.SeguridadcalidadApplication        : Starting SeguridadcalidadApplication using Java 21.0.6 with PID 35016 (C:\Users\Sunnys\Downloads\cdy2203-2026-201-main (3)\cdy2203-2026-201-main\target\classes started by Sunnys in C:\Users\Sunnys\Downloads\cdy2203-2026-201-main (3)\cdy2203-2026-201-main)
2026-05-09T02:29:04.116-04:00  INFO 35016 --- [seguridadcalidad] [main] c.d.s.SeguridadcalidadApplication        : No active profile set, falling back to 1 default profile: "default"
2026-05-09T02:29:04.689-04:00  INFO 35016 --- [seguridadcalidad] [main] o.s.boot.tomcat.TomcatWebServer          : Tomcat initialized with port 8080 (http)
2026-05-09T02:29:04.702-04:00  INFO 35016 --- [seguridadcalidad] [main] o.apache.catalina.core.StandardService   : Starting service [Tomcat]
2026-05-09T02:29:04.702-04:00  INFO 35016 --- [seguridadcalidad] [main] o.apache.catalina.core.StandardEngine    : Starting Servlet engine: [Apache Tomcat/11.0.18]
2026-05-09T02:29:04.750-04:00  INFO 35016 --- [seguridadcalidad] [main] b.w.c.s.WebApplicationContextInitializer : Root WebApplicationContext: initialization completed in 605 ms
2026-05-09T02:29:05.031-04:00  INFO 35016 --- [seguridadcalidad] [main] r$InitializeUserDetailsManagerConfigurer : Global AuthenticationManager configured with UserDetailsService bean with name users
2026-05-09T02:29:05.255-04:00  WARN 35016 --- [seguridadcalidad] [main] ConfigServletWebServerApplicationContext : Exception encountered during context initialization - cancelling refresh attempt: org.springframework.context.ApplicationContextException: Failed to start bean 'webServerStartStop'
2026-05-09T02:29:05.261-04:00  INFO 35016 --- [seguridadcalidad] [main] .s.b.a.l.ConditionEvaluationReportLogger : 

Error starting ApplicationContext. To display the condition evaluation report re-run your application with 'debug' enabled.
2026-05-09T02:29:05.270-04:00 ERROR 35016 --- [seguridadcalidad] [main] o.s.b.d.LoggingFailureAnalysisReporter   : 

***************************
APPLICATION FAILED TO START
***************************

Description:

Web server failed to start. Port 8080 was already in use.

Action:

Identify and stop the process that's listening on port 8080 or configure this application to listen on another port.

2026-05-09T02:32:01.103-04:00  INFO 38480 --- [seguridadcalidad] [main] c.d.s.SeguridadcalidadApplication        : Starting SeguridadcalidadApplication using Java 21.0.6 with PID 38480 (C:\Users\Sunnys\Downloads\cdy2203-2026-201-main (3)\cdy2203-2026-201-main\target\classes started by Sunnys in C:\Users\Sunnys\Downloads\cdy2203-2026-201-main (3)\cdy2203-2026-201-main)
2026-05-09T02:32:01.105-04:00  INFO 38480 --- [seguridadcalidad] [main] c.d.s.SeguridadcalidadApplication        : No active profile set, falling back to 1 default profile: "default"
2026-05-09T02:32:01.677-04:00  INFO 38480 --- [seguridadcalidad] [main] o.s.boot.tomcat.TomcatWebServer          : Tomcat initialized with port 8081 (http)
2026-05-09T02:32:01.687-04:00  INFO 38480 --- [seguridadcalidad] [main] o.apache.catalina.core.StandardService   : Starting service [Tomcat]
2026-05-09T02:32:01.688-04:00  INFO 38480 --- [seguridadcalidad] [main] o.apache.catalina.core.StandardEngine    : Starting Servlet engine: [Apache Tomcat/11.0.18]
2026-05-09T02:32:01.722-04:00  INFO 38480 --- [seguridadcalidad] [main] b.w.c.s.WebApplicationContextInitializer : Root WebApplicationContext: initialization completed in 586 ms
2026-05-09T02:32:01.995-04:00  INFO 38480 --- [seguridadcalidad] [main] r$InitializeUserDetailsManagerConfigurer : Global AuthenticationManager configured with UserDetailsService bean with name users
2026-05-09T02:32:02.223-04:00  INFO 38480 --- [seguridadcalidad] [main] o.s.boot.tomcat.TomcatWebServer          : Tomcat started on port 8081 (http) with context path '/'
2026-05-09T02:32:02.227-04:00  INFO 38480 --- [seguridadcalidad] [main] c.d.s.SeguridadcalidadApplication        : Started SeguridadcalidadApplication in 1.445 seconds (process running for 1.736)
2026-05-09T02:40:06.981-04:00  INFO 38480 --- [seguridadcalidad] [http-nio-8081-exec-1] o.a.c.c.C.[Tomcat].[localhost].[/]       : Initializing Spring DispatcherServlet 'dispatcherServlet'
2026-05-09T02:40:06.982-04:00  INFO 38480 --- [seguridadcalidad] [http-nio-8081-exec-1] o.s.web.servlet.DispatcherServlet        : Initializing Servlet 'dispatcherServlet'
2026-05-09T02:40:06.984-04:00  INFO 38480 --- [seguridadcalidad] [http-nio-8081-exec-1] o.s.web.servlet.DispatcherServlet        : Completed initialization in 1 ms
2026-05-09T02:40:07.356-04:00  WARN 38480 --- [seguridadcalidad] [http-nio-8081-exec-9] .w.s.m.s.DefaultHandlerExceptionResolver : Resolved [org.springframework.web.method.annotation.MethodArgumentTypeMismatchException: Method parameter 'id': Failed to convert value of type 'java.lang.String' to required type 'java.lang.Long'; For input string: "${invoice.id}"]
2026-05-09T02:40:21.564-04:00  WARN 38480 --- [seguridadcalidad] [http-nio-8081-exec-7] .w.s.m.s.DefaultHandlerExceptionResolver : Resolved [org.springframework.web.method.annotation.MethodArgumentTypeMismatchException: Method parameter 'id': Failed to convert value of type 'java.lang.String' to required type 'java.lang.Long'; For input string: "${invoice.id}"]
2026-05-09T02:40:23.895-04:00  WARN 38480 --- [seguridadcalidad] [http-nio-8081-exec-1] .w.s.m.s.DefaultHandlerExceptionResolver : Resolved [org.springframework.web.HttpRequestMethodNotSupportedException: Request method 'POST' is not supported]
2026-05-09T02:56:59.474-04:00  WARN 38480 --- [seguridadcalidad] [http-nio-8081-exec-3] .w.s.m.s.DefaultHandlerExceptionResolver : Resolved [org.springframework.web.method.annotation.MethodArgumentTypeMismatchException: Method parameter 'id': Failed to convert value of type 'java.lang.String' to required type 'java.lang.Long'; For input string: "${invoice.id}"]
2026-05-09T02:57:01.604-04:00  WARN 38480 --- [seguridadcalidad] [http-nio-8081-exec-9] .w.s.m.s.DefaultHandlerExceptionResolver : Resolved [org.springframework.web.HttpRequestMethodNotSupportedException: Request method 'POST' is not supported]
